<?xml version="1.0" encoding="UTF-8"?>
<!-- Generated by org.testng.reporters.JUnitReportReporter -->
<testsuite skipped="0" hostname="DESKTOP-NG79I8K" name="cloudBasedFreeCRM_TestCases.Test1" tests="1" failures="0" timestamp="2019-12-05T18:53:02 IST" time="0.547" errors="1">
  <testcase name="setup" time="0.547" classname="cloudBasedFreeCRM_TestCases.Test1">
    <error type="java.lang.NoClassDefFoundError" message="ch/qos/logback/core/joran/spi/JoranException">
      <![CDATA[java.lang.NoClassDefFoundError: ch/qos/logback/core/joran/spi/JoranException
at org.slf4j.LoggerFactory.getSingleton(LoggerFactory.java:189)
at org.slf4j.LoggerFactory.bind(LoggerFactory.java:112)
at org.slf4j.LoggerFactory.performInitialization(LoggerFactory.java:105)
at org.slf4j.LoggerFactory.getILoggerFactory(LoggerFactory.java:235)
at org.slf4j.LoggerFactory.getLogger(LoggerFactory.java:208)
at org.apache.logging.slf4j.SLF4JLoggerContext.getLogger(SLF4JLoggerContext.java:39)
at org.apache.logging.log4j.LogManager.getLogger(LogManager.java:581)
at org.apache.logging.log4j.LogManager.getLogger(LogManager.java:567)
at cloudBasedFreeCRM_Utilities.readConfig.<init>(readConfig.java:15)
at cloudBasedFreeCRM_TestCases.Test1.setup(Test1.java:19)
at sun.reflect.NativeMethodAccessorImpl.invoke0(Native Method)
at sun.reflect.NativeMethodAccessorImpl.invoke(NativeMethodAccessorImpl.java:62)
at sun.reflect.DelegatingMethodAccessorImpl.invoke(DelegatingMethodAccessorImpl.java:43)
at java.lang.reflect.Method.invoke(Method.java:498)
at org.testng.internal.MethodInvocationHelper.invokeMethod(MethodInvocationHelper.java:133)
at org.testng.internal.TestInvoker.invokeMethod(TestInvoker.java:584)
at org.testng.internal.TestInvoker.invokeTestMethod(TestInvoker.java:172)
at org.testng.internal.MethodRunner.runInSequence(MethodRunner.java:46)
at org.testng.internal.TestInvoker$MethodInvocationAgent.invoke(TestInvoker.java:804)
at org.testng.internal.TestInvoker.invokeTestMethods(TestInvoker.java:145)
at org.testng.internal.TestMethodWorker.invokeTestMethods(TestMethodWorker.java:146)
at org.testng.internal.TestMethodWorker.run(TestMethodWorker.java:128)
at java.util.ArrayList.forEach(ArrayList.java:1257)
at org.testng.TestRunner.privateRun(TestRunner.java:770)
at org.testng.TestRunner.run(TestRunner.java:591)
at org.testng.SuiteRunner.runTest(SuiteRunner.java:402)
at org.testng.SuiteRunner.runSequentially(SuiteRunner.java:396)
at org.testng.SuiteRunner.privateRun(SuiteRunner.java:355)
at org.testng.SuiteRunner.run(SuiteRunner.java:304)
at org.testng.SuiteRunnerWorker.runSuite(SuiteRunnerWorker.java:53)
at org.testng.SuiteRunnerWorker.run(SuiteRunnerWorker.java:96)
at org.testng.TestNG.runSuitesSequentially(TestNG.java:1180)
at org.testng.TestNG.runSuitesLocally(TestNG.java:1102)
at org.testng.TestNG.runSuites(TestNG.java:1032)
at org.testng.TestNG.run(TestNG.java:1000)
at org.testng.remote.AbstractRemoteTestNG.run(AbstractRemoteTestNG.java:115)
at org.testng.remote.RemoteTestNG.initAndRun(RemoteTestNG.java:251)
at org.testng.remote.RemoteTestNG.main(RemoteTestNG.java:77)
Caused by: java.lang.ClassNotFoundException: ch.qos.logback.core.joran.spi.JoranException
at java.net.URLClassLoader.findClass(URLClassLoader.java:382)
at java.lang.ClassLoader.loadClass(ClassLoader.java:424)
at sun.misc.Launcher$AppClassLoader.loadClass(Launcher.java:349)
at java.lang.ClassLoader.loadClass(ClassLoader.java:357)
... 38 more
]]>
    </error>
  </testcase> <!-- setup -->
</testsuite> <!-- cloudBasedFreeCRM_TestCases.Test1 -->
